0 info it worked if it ends with ok
1 verbose cli [ 'C:\\Program Files\\node.exe',
1 verbose cli   'C:\\Program Files\\node_modules\\npm\\bin\\npm-cli.js',
1 verbose cli   'install',
1 verbose cli   'express' ]
2 info using npm@3.10.10
3 info using node@v6.10.3
4 silly loadCurrentTree Starting
5 silly install loadCurrentTree
6 silly install readLocalPackageData
7 silly fetchPackageMetaData express@file:node_modules/express
8 silly fetchOtherPackageData express@file:node_modules/express
9 silly cache add args [ 'express@file:node_modules/express', null ]
10 verbose cache add spec express@file:node_modules/express
11 silly cache add parsed spec Result {
11 silly cache add   raw: 'express@file:node_modules/express',
11 silly cache add   scope: null,
11 silly cache add   escapedName: 'express',
11 silly cache add   name: 'express',
11 silly cache add   rawSpec: 'file:node_modules/express',
11 silly cache add   spec: 'D:\\JS\\open\\node_modules\\express',
11 silly cache add   type: 'local' }
12 error addLocal Could not install D:\JS\open\node_modules\express
13 silly fetchPackageMetaData Error: ENOENT: no such file or directory, open 'D:\JS\open\node_modules\express'
13 silly fetchPackageMetaData     at Error (native)
13 silly fetchPackageMetaData  error for express@file:node_modules/express { Error: ENOENT: no such file or directory, open 'D:\JS\open\node_modules\express'
13 silly fetchPackageMetaData     at Error (native)
13 silly fetchPackageMetaData   errno: -4058,
13 silly fetchPackageMetaData   code: 'ENOENT',
13 silly fetchPackageMetaData   syscall: 'open',
13 silly fetchPackageMetaData   path: 'D:\\JS\\open\\node_modules\\express' }
14 silly rollbackFailedOptional Starting
15 silly rollbackFailedOptional Finishing
16 silly runTopLevelLifecycles Finishing
17 silly install printInstalled
18 verbose stack Error: ENOENT: no such file or directory, open 'D:\JS\open\node_modules\express'
18 verbose stack     at Error (native)
19 verbose cwd D:\JS\open
20 error Windows_NT 6.1.7601
21 error argv "C:\\Program Files\\node.exe" "C:\\Program Files\\node_modules\\npm\\bin\\npm-cli.js" "install" "express"
22 error node v6.10.3
23 error npm  v3.10.10
24 error path D:\JS\open\node_modules\express
25 error code ENOENT
26 error errno -4058
27 error syscall open
28 error enoent ENOENT: no such file or directory, open 'D:\JS\open\node_modules\express'
29 error enoent ENOENT: no such file or directory, open 'D:\JS\open\node_modules\express'
29 error enoent This is most likely not a problem with npm itself
29 error enoent and is related to npm not being able to find a file.
30 verbose exit [ -4058, true ]
